0 info it worked if it ends with ok
1 verbose cli [ '/usr/bin/nodejs', '/usr/bin/npm', 'run', 'build' ]
2 info using npm@4.0.5
3 info using node@v7.4.0
4 verbose run-script [ 'prebuild', 'build', 'postbuild' ]
5 info lifecycle dbv@0.8.0~prebuild: dbv@0.8.0
6 silly lifecycle dbv@0.8.0~prebuild: no script for prebuild, continuing
7 info lifecycle dbv@0.8.0~build: dbv@0.8.0
8 verbose lifecycle dbv@0.8.0~build: unsafe-perm in lifecycle true
9 verbose lifecycle dbv@0.8.0~build: PATH: /usr/lib/node_modules/npm/bin/node-gyp-bin:/home/pfranck/IdeaProjects/dai-book-viewer/DAIbookViewer/dbv/node_modules/.bin:/usr/local/bin:/usr/bin:/bin:/usr/local/games:/usr/games
10 verbose lifecycle dbv@0.8.0~build: CWD: /home/pfranck/IdeaProjects/dai-book-viewer/DAIbookViewer/dbv
11 silly lifecycle dbv@0.8.0~build: Args: [ '-c', 'gulp dbv' ]
12 silly lifecycle dbv@0.8.0~build: Returned: code: 1  signal: null
13 info lifecycle dbv@0.8.0~build: Failed to exec build script
14 verbose stack Error: dbv@0.8.0 build: `gulp dbv`
14 verbose stack Exit status 1
14 verbose stack     at EventEmitter.<anonymous> (/usr/lib/node_modules/npm/lib/utils/lifecycle.js:279:16)
14 verbose stack     at emitTwo (events.js:106:13)
14 verbose stack     at EventEmitter.emit (events.js:191:7)
14 verbose stack     at ChildProcess.<anonymous> (/usr/lib/node_modules/npm/lib/utils/spawn.js:40:14)
14 verbose stack     at emitTwo (events.js:106:13)
14 verbose stack     at ChildProcess.emit (events.js:191:7)
14 verbose stack     at maybeClose (internal/child_process.js:885:16)
14 verbose stack     at Process.ChildProcess._handle.onexit (internal/child_process.js:226:5)
15 verbose pkgid dbv@0.8.0
16 verbose cwd /home/pfranck/IdeaProjects/dai-book-viewer/DAIbookViewer/dbv
17 error Linux 3.16.0-4-amd64
18 error argv "/usr/bin/nodejs" "/usr/bin/npm" "run" "build"
19 error node v7.4.0
20 error npm  v4.0.5
21 error code ELIFECYCLE
22 error dbv@0.8.0 build: `gulp dbv`
22 error Exit status 1
23 error Failed at the dbv@0.8.0 build script 'gulp dbv'.
23 error Make sure you have the latest version of node.js and npm installed.
23 error If you do, this is most likely a problem with the dbv package,
23 error not with npm itself.
23 error Tell the author that this fails on your system:
23 error     gulp dbv
23 error You can get information on how to open an issue for this project with:
23 error     npm bugs dbv
23 error Or if that isn't available, you can get their info via:
23 error     npm owner ls dbv
23 error There is likely additional logging output above.
24 verbose exit [ 1, true ]
